<?xml version="1.0" encoding="UTF-8"?>
<!-- Generated by org.testng.reporters.JUnitReportReporter -->
<testsuite hostname="MSI" failures="0" tests="6" name="com.orangehrm.testcases.TestCases" time="73.421" errors="0" timestamp="2024-05-03T20:45:06 IST" skipped="0">
  <testcase classname="com.orangehrm.testcases.TestCases" name="LoginWithValidCredentials_TC004" time="12.346"/>
  <system-out/>
  <testcase classname="com.orangehrm.testcases.TestCases" name="LoginWithValidCredentials_TC001" time="12.466"/>
  <system-out/>
  <testcase classname="com.orangehrm.testcases.TestCases" name="LoginWithInvalidUsername_TC002" time="11.545"/>
  <system-out/>
  <testcase classname="com.orangehrm.testcases.TestCases" name="LoginWithInvalidUsername_TC005" time="12.174"/>
  <system-out/>
  <testcase classname="com.orangehrm.testcases.TestCases" name="TitleValidation_TC003" time="12.741"/>
  <system-out/>
  <testcase classname="com.orangehrm.testcases.TestCases" name="TitleValidation_TC006" time="12.149"/>
  <system-out/>
</testsuite> <!-- com.orangehrm.testcases.TestCases -->
